[WARN] 2026-07-15 20:04:16 守护进程未运行
[INFO] 2026-07-15 20:04:38 ========================================
[INFO] 2026-07-15 20:04:38 🚀 推特自动运营守护进程启动
[INFO] 2026-07-15 20:04:38 ⏰ 计划发布时间: 08:00 12:00 20:00
[INFO] 2026-07-15 20:04:38 📝 日志目录: /Users/ty/myblog/logs
[INFO] 2026-07-15 20:04:38 ========================================
[INFO] 2026-07-15 20:04:51 ========================================
[INFO] 2026-07-15 20:04:51 🚀 推特自动运营守护进程启动
[INFO] 2026-07-15 20:04:51 ⏰ 计划发布时间: 08:00 12:00 20:00
[INFO] 2026-07-15 20:04:51 📝 日志目录: /Users/ty/myblog/logs
[INFO] 2026-07-15 20:04:51 ========================================
[INFO] 2026-07-15 20:05:21 ========================================
[INFO] 2026-07-15 20:05:21 🚀 推特自动运营守护进程启动
[INFO] 2026-07-15 20:05:21 ⏰ 计划发布时间: 08:00 12:00 20:00
[INFO] 2026-07-15 20:05:21 📝 日志目录: /Users/ty/myblog/logs
[INFO] 2026-07-15 20:05:21 ========================================
[INFO] 2026-07-15 20:05:42 ===== 推特自动运营守护进程启动 =====
[INFO] 2026-07-15 20:05:42 发布时间: 08:00 12:00 20:00
[INFO] 2026-07-15 20:05:42 PID: 36523
[INFO] 2026-07-15 20:08:36 ===== 推特自动运营守护进程启动 =====
[INFO] 2026-07-15 20:08:36 发布时间: 08:00 12:00 20:00
[INFO] 2026-07-15 20:08:36 PID: 37663
